[0.162s] DEBUG:colcon:Command line arguments: ['/usr/bin/colcon', 'build', '--symlink-install']
[0.162s] DEBUG:colcon:Parsed command line arguments: Namespace(log_base=None, log_level=None, verb_name='build', build_base='build', install_base='install', merge_install=False, symlink_install=True, test_result_base=None, continue_on_error=False, executor='parallel', parallel_workers=8, event_handlers=None, ignore_user_meta=False, metas=['./colcon.meta'], base_paths=['.'], packages_ignore=None, packages_ignore_regex=None, paths=None, packages_up_to=None, packages_up_to_regex=None, packages_above=None, packages_above_and_dependencies=None, packages_above_depth=None, packages_select_by_dep=None, packages_skip_by_dep=None, packages_skip_up_to=None, packages_select_build_failed=False, packages_skip_build_finished=False, packages_select_test_failures=False, packages_skip_test_passed=False, packages_select=None, packages_skip=None, packages_select_regex=None, packages_skip_regex=None, packages_start=None, packages_end=None, allow_overriding=[], cmake_args=None, cmake_target=None, cmake_target_skip_unavailable=False, cmake_clean_cache=False, cmake_clean_first=False, cmake_force_configure=False, ament_cmake_args=None, catkin_cmake_args=None, catkin_skip_building_tests=False, mixin_files=None, mixin=None, verb_parser=<colcon_mixin.mixin.mixin_argument.MixinArgumentDecorator object at 0x7f5231c1e230>, verb_extension=<colcon_core.verb.build.BuildVerb object at 0x7f5231d1b160>, main=<bound method BuildVerb.main of <colcon_core.verb.build.BuildVerb object at 0x7f5231d1b160>>, mixin_verb=('build',))
[0.553s] Level 1:colcon.colcon_core.package_discovery:discover_packages(colcon_meta) check parameters
[0.553s] Level 1:colcon.colcon_core.package_discovery:discover_packages(recursive) check parameters
[0.553s] Level 1:colcon.colcon_core.package_discovery:discover_packages(ignore) check parameters
[0.553s] Level 1:colcon.colcon_core.package_discovery:discover_packages(path) check parameters
[0.553s] Level 1:colcon.colcon_core.package_discovery:discover_packages(colcon_meta) discover
[0.553s] Level 1:colcon.colcon_core.package_discovery:discover_packages(recursive) discover
[0.553s] INFO:colcon.colcon_core.package_discovery:Crawling recursively for packages in '/home/brittc/bot_tut/src/bot_tutorial'
[0.553s] Level 1:colcon.colcon_core.package_identification:_identify(.) by extensions ['ignore', 'ignore_ament_install']
[0.553s] Level 1:colcon.colcon_core.package_identification:_identify(.) by extension 'ignore'
[0.553s] Level 1:colcon.colcon_core.package_identification:_identify(.) by extension 'ignore_ament_install'
[0.553s] Level 1:colcon.colcon_core.package_identification:_identify(.) by extensions ['colcon_pkg']
[0.553s] Level 1:colcon.colcon_core.package_identification:_identify(.) by extension 'colcon_pkg'
[0.553s] Level 1:colcon.colcon_core.package_identification:_identify(.) by extensions ['colcon_meta']
[0.553s] Level 1:colcon.colcon_core.package_identification:_identify(.) by extension 'colcon_meta'
[0.553s] Level 1:colcon.colcon_core.package_identification:_identify(.) by extensions ['ros']
[0.553s] Level 1:colcon.colcon_core.package_identification:_identify(.) by extension 'ros'
[0.571s] DEBUG:colcon.colcon_core.package_identification:Package '.' with type 'ros.ament_cmake' and name 'bot_tutorial'
[0.571s] Level 1:colcon.colcon_core.package_discovery:discover_packages(recursive) using defaults
[0.571s] Level 1:colcon.colcon_core.package_discovery:discover_packages(ignore) discover
[0.571s] Level 1:colcon.colcon_core.package_discovery:discover_packages(ignore) using defaults
[0.571s] Level 1:colcon.colcon_core.package_discovery:discover_packages(path) discover
[0.571s] Level 1:colcon.colcon_core.package_discovery:discover_packages(path) using defaults
[0.626s] Level 1:colcon.colcon_core.package_discovery:discover_packages(prefix_path) check parameters
[0.626s] Level 1:colcon.colcon_core.package_discovery:discover_packages(prefix_path) discover
[0.631s] DEBUG:colcon.colcon_installed_package_information.package_discovery:Found 0 installed packages in /home/brittc/ros2_ws/install
[0.633s] DEBUG:colcon.colcon_installed_package_information.package_discovery:Found 316 installed packages in /opt/ros/humble
[0.634s] Level 1:colcon.colcon_core.package_discovery:discover_packages(prefix_path) using defaults
[0.735s] Level 5:colcon.colcon_core.verb:set package 'bot_tutorial' build argument 'cmake_args' from command line to 'None'
[0.736s] Level 5:colcon.colcon_core.verb:set package 'bot_tutorial' build argument 'cmake_target' from command line to 'None'
[0.736s] Level 5:colcon.colcon_core.verb:set package 'bot_tutorial' build argument 'cmake_target_skip_unavailable' from command line to 'False'
[0.736s] Level 5:colcon.colcon_core.verb:set package 'bot_tutorial' build argument 'cmake_clean_cache' from command line to 'False'
[0.736s] Level 5:colcon.colcon_core.verb:set package 'bot_tutorial' build argument 'cmake_clean_first' from command line to 'False'
[0.736s] Level 5:colcon.colcon_core.verb:set package 'bot_tutorial' build argument 'cmake_force_configure' from command line to 'False'
[0.736s] Level 5:colcon.colcon_core.verb:set package 'bot_tutorial' build argument 'ament_cmake_args' from command line to 'None'
[0.736s] Level 5:colcon.colcon_core.verb:set package 'bot_tutorial' build argument 'catkin_cmake_args' from command line to 'None'
[0.736s] Level 5:colcon.colcon_core.verb:set package 'bot_tutorial' build argument 'catkin_skip_building_tests' from command line to 'False'
[0.736s] DEBUG:colcon.colcon_core.verb:Building package 'bot_tutorial' with the following arguments: {'ament_cmake_args': None, 'build_base': '/home/brittc/bot_tut/src/bot_tutorial/build/bot_tutorial', 'catkin_cmake_args': None, 'catkin_skip_building_tests': False, 'cmake_args': None, 'cmake_clean_cache': False, 'cmake_clean_first': False, 'cmake_force_configure': False, 'cmake_target': None, 'cmake_target_skip_unavailable': False, 'install_base': '/home/brittc/bot_tut/src/bot_tutorial/install/bot_tutorial', 'merge_install': False, 'path': '/home/brittc/bot_tut/src/bot_tutorial', 'symlink_install': True, 'test_result_base': None}
[0.736s] INFO:colcon.colcon_core.executor:Executing jobs using 'parallel' executor
[0.737s] DEBUG:colcon.colcon_parallel_executor.executor.parallel:run_until_complete
[0.737s] INFO:colcon.colcon_ros.task.ament_cmake.build:Building ROS package in '/home/brittc/bot_tut/src/bot_tutorial' with build type 'ament_cmake'
[0.738s] INFO:colcon.colcon_cmake.task.cmake.build:Building CMake package in '/home/brittc/bot_tut/src/bot_tutorial'
[0.749s] INFO:colcon.colcon_core.plugin_system:Skipping extension 'colcon_core.shell.bat': Not used on non-Windows systems
[0.749s] INFO:colcon.colcon_core.shell:Skip shell extension 'powershell' for command environment: Not usable outside of PowerShell
[0.749s] DEBUG:colcon.colcon_core.shell:Skip shell extension 'dsv' for command environment
[0.764s] DEBUG:colcon.colcon_core.event_handler.log_command:Invoking command in '/home/brittc/bot_tut/src/bot_tutorial/build/bot_tutorial': CMAKE_PREFIX_PATH=/opt/ros/humble /usr/bin/cmake /home/brittc/bot_tut/src/bot_tutorial -DAMENT_CMAKE_SYMLINK_INSTALL=1 -DCMAKE_INSTALL_PREFIX=/home/brittc/bot_tut/src/bot_tutorial/install/bot_tutorial
[2.480s] DEBUG:colcon.colcon_core.event_handler.log_command:Invoked command in '/home/brittc/bot_tut/src/bot_tutorial/build/bot_tutorial' returned '0': CMAKE_PREFIX_PATH=/opt/ros/humble /usr/bin/cmake /home/brittc/bot_tut/src/bot_tutorial -DAMENT_CMAKE_SYMLINK_INSTALL=1 -DCMAKE_INSTALL_PREFIX=/home/brittc/bot_tut/src/bot_tutorial/install/bot_tutorial
[2.481s] DEBUG:colcon.colcon_core.event_handler.log_command:Invoking command in '/home/brittc/bot_tut/src/bot_tutorial/build/bot_tutorial': CMAKE_PREFIX_PATH=/opt/ros/humble /usr/bin/cmake --build /home/brittc/bot_tut/src/bot_tutorial/build/bot_tutorial -- -j8 -l8
[2.512s] DEBUG:colcon.colcon_core.event_handler.log_command:Invoked command in '/home/brittc/bot_tut/src/bot_tutorial/build/bot_tutorial' returned '0': CMAKE_PREFIX_PATH=/opt/ros/humble /usr/bin/cmake --build /home/brittc/bot_tut/src/bot_tutorial/build/bot_tutorial -- -j8 -l8
[2.520s] DEBUG:colcon.colcon_core.event_handler.log_command:Invoking command in '/home/brittc/bot_tut/src/bot_tutorial/build/bot_tutorial': CMAKE_PREFIX_PATH=/opt/ros/humble /usr/bin/cmake --install /home/brittc/bot_tut/src/bot_tutorial/build/bot_tutorial
[2.693s] Level 1:colcon.colcon_core.environment:create_environment_scripts_only(bot_tutorial)
[2.694s] DEBUG:colcon.colcon_core.event_handler.log_command:Invoked command in '/home/brittc/bot_tut/src/bot_tutorial/build/bot_tutorial' returned '0': CMAKE_PREFIX_PATH=/opt/ros/humble /usr/bin/cmake --install /home/brittc/bot_tut/src/bot_tutorial/build/bot_tutorial
[2.708s] Level 1:colcon.colcon_core.environment:checking '/home/brittc/bot_tut/src/bot_tutorial/install/bot_tutorial' for CMake module files
[2.708s] Level 1:colcon.colcon_core.environment:checking '/home/brittc/bot_tut/src/bot_tutorial/install/bot_tutorial' for CMake config files
[2.708s] Level 1:colcon.colcon_core.shell:create_environment_hook('bot_tutorial', 'cmake_prefix_path')
[2.708s] INFO:colcon.colcon_core.shell:Creating environment hook '/home/brittc/bot_tut/src/bot_tutorial/install/bot_tutorial/share/bot_tutorial/hook/cmake_prefix_path.ps1'
[2.710s] INFO:colcon.colcon_core.shell:Creating environment descriptor '/home/brittc/bot_tut/src/bot_tutorial/install/bot_tutorial/share/bot_tutorial/hook/cmake_prefix_path.dsv'
[2.711s] INFO:colcon.colcon_core.shell:Creating environment hook '/home/brittc/bot_tut/src/bot_tutorial/install/bot_tutorial/share/bot_tutorial/hook/cmake_prefix_path.sh'
[2.712s] Level 1:colcon.colcon_core.environment:checking '/home/brittc/bot_tut/src/bot_tutorial/install/bot_tutorial/bin'
[2.713s] Level 1:colcon.colcon_core.environment:checking '/home/brittc/bot_tut/src/bot_tutorial/install/bot_tutorial/lib/pkgconfig/bot_tutorial.pc'
[2.713s] Level 1:colcon.colcon_core.environment:checking '/home/brittc/bot_tut/src/bot_tutorial/install/bot_tutorial/lib/python3.10/site-packages'
[2.713s] Level 1:colcon.colcon_core.environment:checking '/home/brittc/bot_tut/src/bot_tutorial/install/bot_tutorial/bin'
[2.713s] INFO:colcon.colcon_core.shell:Creating package script '/home/brittc/bot_tut/src/bot_tutorial/install/bot_tutorial/share/bot_tutorial/package.ps1'
[2.715s] INFO:colcon.colcon_core.shell:Creating package descriptor '/home/brittc/bot_tut/src/bot_tutorial/install/bot_tutorial/share/bot_tutorial/package.dsv'
[2.716s] INFO:colcon.colcon_core.shell:Creating package script '/home/brittc/bot_tut/src/bot_tutorial/install/bot_tutorial/share/bot_tutorial/package.sh'
[2.717s] INFO:colcon.colcon_core.shell:Creating package script '/home/brittc/bot_tut/src/bot_tutorial/install/bot_tutorial/share/bot_tutorial/package.bash'
[2.719s] INFO:colcon.colcon_core.shell:Creating package script '/home/brittc/bot_tut/src/bot_tutorial/install/bot_tutorial/share/bot_tutorial/package.zsh'
[2.720s] Level 1:colcon.colcon_core.environment:create_file_with_runtime_dependencies(/home/brittc/bot_tut/src/bot_tutorial/install/bot_tutorial/share/colcon-core/packages/bot_tutorial)
[2.721s] Level 1:colcon.colcon_core.environment:create_environment_scripts_only(bot_tutorial)
[2.721s] Level 1:colcon.colcon_core.environment:checking '/home/brittc/bot_tut/src/bot_tutorial/install/bot_tutorial' for CMake module files
[2.722s] Level 1:colcon.colcon_core.environment:checking '/home/brittc/bot_tut/src/bot_tutorial/install/bot_tutorial' for CMake config files
[2.722s] Level 1:colcon.colcon_core.shell:create_environment_hook('bot_tutorial', 'cmake_prefix_path')
[2.722s] INFO:colcon.colcon_core.shell:Creating environment hook '/home/brittc/bot_tut/src/bot_tutorial/install/bot_tutorial/share/bot_tutorial/hook/cmake_prefix_path.ps1'
[2.722s] INFO:colcon.colcon_core.shell:Creating environment descriptor '/home/brittc/bot_tut/src/bot_tutorial/install/bot_tutorial/share/bot_tutorial/hook/cmake_prefix_path.dsv'
[2.723s] INFO:colcon.colcon_core.shell:Creating environment hook '/home/brittc/bot_tut/src/bot_tutorial/install/bot_tutorial/share/bot_tutorial/hook/cmake_prefix_path.sh'
[2.724s] Level 1:colcon.colcon_core.environment:checking '/home/brittc/bot_tut/src/bot_tutorial/install/bot_tutorial/bin'
[2.724s] Level 1:colcon.colcon_core.environment:checking '/home/brittc/bot_tut/src/bot_tutorial/install/bot_tutorial/lib/pkgconfig/bot_tutorial.pc'
[2.724s] Level 1:colcon.colcon_core.environment:checking '/home/brittc/bot_tut/src/bot_tutorial/install/bot_tutorial/lib/python3.10/site-packages'
[2.724s] Level 1:colcon.colcon_core.environment:checking '/home/brittc/bot_tut/src/bot_tutorial/install/bot_tutorial/bin'
[2.724s] INFO:colcon.colcon_core.shell:Creating package script '/home/brittc/bot_tut/src/bot_tutorial/install/bot_tutorial/share/bot_tutorial/package.ps1'
[2.725s] INFO:colcon.colcon_core.shell:Creating package descriptor '/home/brittc/bot_tut/src/bot_tutorial/install/bot_tutorial/share/bot_tutorial/package.dsv'
[2.725s] INFO:colcon.colcon_core.shell:Creating package script '/home/brittc/bot_tut/src/bot_tutorial/install/bot_tutorial/share/bot_tutorial/package.sh'
[2.726s] INFO:colcon.colcon_core.shell:Creating package script '/home/brittc/bot_tut/src/bot_tutorial/install/bot_tutorial/share/bot_tutorial/package.bash'
[2.727s] INFO:colcon.colcon_core.shell:Creating package script '/home/brittc/bot_tut/src/bot_tutorial/install/bot_tutorial/share/bot_tutorial/package.zsh'
[2.727s] Level 1:colcon.colcon_core.environment:create_file_with_runtime_dependencies(/home/brittc/bot_tut/src/bot_tutorial/install/bot_tutorial/share/colcon-core/packages/bot_tutorial)
[2.728s] DEBUG:colcon.colcon_parallel_executor.executor.parallel:closing loop
[2.728s] DEBUG:colcon.colcon_parallel_executor.executor.parallel:loop closed
[2.728s] DEBUG:colcon.colcon_parallel_executor.executor.parallel:run_until_complete finished with '0'
[2.728s] DEBUG:colcon.colcon_core.event_reactor:joining thread
[2.773s] INFO:colcon.colcon_core.plugin_system:Skipping extension 'colcon_notification.desktop_notification.notify_send': Could not find 'notify-send'
[2.773s] INFO:colcon.colcon_core.plugin_system:Skipping extension 'colcon_notification.desktop_notification.terminal_notifier': Not used on non-Darwin systems
[2.773s] INFO:colcon.colcon_core.plugin_system:Skipping extension 'colcon_notification.desktop_notification.win32': Not used on non-Windows systems
[2.773s] INFO:colcon.colcon_notification.desktop_notification:Sending desktop notification using 'notify2'
[2.773s] DEBUG:colcon.colcon_notification.desktop_notification.notify2:Failed to initialize notify2: org.freedesktop.DBus.Error.FileNotFound: Failed to connect to socket /run/user/1000/bus: No such file or directory
[2.774s] DEBUG:colcon.colcon_core.event_reactor:joined thread
[2.774s] INFO:colcon.colcon_core.shell:Creating prefix script '/home/brittc/bot_tut/src/bot_tutorial/install/local_setup.ps1'
[2.775s] INFO:colcon.colcon_core.shell:Creating prefix util module '/home/brittc/bot_tut/src/bot_tutorial/install/_local_setup_util_ps1.py'
[2.777s] INFO:colcon.colcon_core.shell:Creating prefix chain script '/home/brittc/bot_tut/src/bot_tutorial/install/setup.ps1'
[2.779s] INFO:colcon.colcon_core.shell:Creating prefix script '/home/brittc/bot_tut/src/bot_tutorial/install/local_setup.sh'
[2.780s] INFO:colcon.colcon_core.shell:Creating prefix util module '/home/brittc/bot_tut/src/bot_tutorial/install/_local_setup_util_sh.py'
[2.781s] INFO:colcon.colcon_core.shell:Creating prefix chain script '/home/brittc/bot_tut/src/bot_tutorial/install/setup.sh'
[2.782s] INFO:colcon.colcon_core.shell:Creating prefix script '/home/brittc/bot_tut/src/bot_tutorial/install/local_setup.bash'
[2.783s] INFO:colcon.colcon_core.shell:Creating prefix chain script '/home/brittc/bot_tut/src/bot_tutorial/install/setup.bash'
[2.784s] INFO:colcon.colcon_core.shell:Creating prefix script '/home/brittc/bot_tut/src/bot_tutorial/install/local_setup.zsh'
[2.786s] INFO:colcon.colcon_core.shell:Creating prefix chain script '/home/brittc/bot_tut/src/bot_tutorial/install/setup.zsh'
